<?xml version="1.0" encoding="UTF-8"?>
<testng-results ignored="0" total="3" passed="3" failed="0" skipped="0">
  <reporter-output>
  </reporter-output>
  <suite started-at="2026-02-02T15:01:59 IST" name="Default suite" finished-at="2026-02-02T15:01:59 IST" duration-ms="61">
    <groups>
    </groups>
    <test started-at="2026-02-02T15:01:59 IST" name="Default test" finished-at="2026-02-02T15:01:59 IST" duration-ms="61">
      <class name="testcase.PriorityTest">
        <test-method signature="methodC()[pri:0, instance:testcase.PriorityTest@5e0e82ae]" started-at="2026-02-02T15:01:59 IST" name="methodC" finished-at="2026-02-02T15:01:59 IST" duration-ms="9" status="PASS">
          <reporter-output>
          </reporter-output>
        </test-method> <!-- methodC -->
        <test-method signature="methodB()[pri:1, instance:testcase.PriorityTest@5e0e82ae]" started-at="2026-02-02T15:01:59 IST" name="methodB" finished-at="2026-02-02T15:01:59 IST" duration-ms="2" status="PASS">
          <reporter-output>
          </reporter-output>
        </test-method> <!-- methodB -->
        <test-method signature="methodA()[pri:2, instance:testcase.PriorityTest@5e0e82ae]" started-at="2026-02-02T15:01:59 IST" name="methodA" finished-at="2026-02-02T15:01:59 IST" duration-ms="1" status="PASS">
          <reporter-output>
          </reporter-output>
        </test-method> <!-- methodA -->
      </class> <!-- testcase.PriorityTest -->
    </test> <!-- Default test -->
  </suite> <!-- Default suite -->
</testng-results>
