<?xml version="1.0" encoding="UTF-8"?>
<!-- Generated by org.testng.reporters.JUnitReportReporter -->
<testsuite hostname="10227-TZD-TRNG" failures="0" tests="3" name="testcase.SeleniumTest" time="88.654" errors="0" timestamp="2026-02-02T11:25:10 IST" skipped="0">
  <testcase classname="testcase.SeleniumTest" name="methodA" time="37.889"/>
  <testcase classname="testcase.SeleniumTest" name="methodB" time="32.779"/>
  <testcase classname="testcase.SeleniumTest" name="methodC" time="17.986"/>
</testsuite> <!-- testcase.SeleniumTest -->
