<?xml version="1.0" encoding="UTF-8"?>
<!-- Generated by org.testng.reporters.JUnitReportReporter -->
<testsuite hostname="10227-TZD-TRNG" failures="0" tests="3" name="testcase.PriorityTest" time="0.012" errors="0" timestamp="2026-02-02T15:01:59 IST" skipped="0">
  <testcase classname="testcase.PriorityTest" name="methodC" time="0.009"/>
  <testcase classname="testcase.PriorityTest" name="methodB" time="0.002"/>
  <testcase classname="testcase.PriorityTest" name="methodA" time="0.001"/>
</testsuite> <!-- testcase.PriorityTest -->
